<?xml version="1.0" encoding="UTF-8"?>
<!-- Generated by org.testng.reporters.JUnitReportReporter -->
<testsuite hostname="BINTERNS-QA23L" failures="0" tests="20" name="jmart_testpages.Jiomart_Homepagetest" time="36.186" errors="0" timestamp="2023-05-18T10:53:44 IST" skipped="3">
  <testcase classname="jmart_testpages.Jiomart_Homepagetest" name="verifyLogo" time="2.066"/>
  <system-out/>
  <testcase classname="jmart_testpages.Jiomart_Homepagetest" name="verifyTitle" time="0.011"/>
  <system-out/>
  <testcase classname="jmart_testpages.Jiomart_Homepagetest" name="checkHeadermenu" time="0.058"/>
  <system-out/>
  <testcase classname="jmart_testpages.Jiomart_Homepagetest" name="checkHeaderButton" time="0.049"/>
  <system-out/>
  <testcase classname="jmart_testpages.Jiomart_Homepagetest" name="groceryButton" time="4.862"/>
  <system-out/>
  <testcase classname="jmart_testpages.Jiomart_Homepagetest" name="fruitsButton" time="4.021"/>
  <system-out/>
  <testcase classname="jmart_testpages.Jiomart_Homepagetest" name="homeKitchenButton" time="4.012"/>
  <system-out/>
  <testcase classname="jmart_testpages.Jiomart_Homepagetest" name="fashionButton" time="3.712"/>
  <system-out/>
  <testcase classname="jmart_testpages.Jiomart_Homepagetest" name="electronicsButton" time="4.001"/>
  <system-out/>
  <testcase classname="jmart_testpages.Jiomart_Homepagetest" name="beautyButton" time="3.786"/>
  <system-out/>
  <testcase classname="jmart_testpages.Jiomart_Homepagetest" name="homeImproveButton" time="3.968"/>
  <system-out/>
  <testcase classname="jmart_testpages.Jiomart_Homepagetest" name="sportsToyButton" time="3.885"/>
  <system-out/>
  <testcase classname="jmart_testpages.Jiomart_Homepagetest" name="countFooterMenu1" time="0.096"/>
  <system-out/>
  <testcase classname="jmart_testpages.Jiomart_Homepagetest" name="countFooterMenu2" time="0.083"/>
  <system-out/>
  <testcase classname="jmart_testpages.Jiomart_Homepagetest" name="countFooterMenu3" time="0.067"/>
  <system-out/>
  <testcase classname="jmart_testpages.Jiomart_Homepagetest" name="countFooterMenu4" time="0.063"/>
  <system-out/>
  <testcase classname="jmart_testpages.Jiomart_Homepagetest" name="checkLink1" time="1.446"/>
  <system-out/>
  <testcase classname="jmart_testpages.Jiomart_Homepagetest" name="getTimer">
    <skipped/>
  </testcase> <!-- getTimer -->
  <system-out/>
  <testcase classname="jmart_testpages.Jiomart_Homepagetest" name="checkLink2">
    <skipped/>
  </testcase> <!-- checkLink2 -->
  <system-out/>
  <testcase classname="jmart_testpages.Jiomart_Homepagetest" name="checkSlidebutton">
    <skipped/>
  </testcase> <!-- checkSlidebutton -->
  <system-out/>
</testsuite> <!-- jmart_testpages.Jiomart_Homepagetest -->
