<?xml version="1.0" encoding="UTF-8"?>
<!-- Generated by org.testng.reporters.JUnitReportReporter -->
<testsuite hostname="BINTERNS-QA23L" failures="0" tests="9" name="navbar_buttons.Electronics_moduletest" time="27.630" errors="0" timestamp="2023-05-18T14:10:27 IST" skipped="0">
  <testcase classname="navbar_buttons.Electronics_moduletest" name="logoverify" time="1.183"/>
  <system-out/>
  <testcase classname="navbar_buttons.Electronics_moduletest" name="sort_item" time="3.175"/>
  <system-out/>
  <testcase classname="navbar_buttons.Electronics_moduletest" name="add_item1" time="5.018"/>
  <system-out/>
  <testcase classname="navbar_buttons.Electronics_moduletest" name="add_item2" time="3.991"/>
  <system-out/>
  <testcase classname="navbar_buttons.Electronics_moduletest" name="add_item3" time="4.577"/>
  <system-out/>
  <testcase classname="navbar_buttons.Electronics_moduletest" name="gotocart" time="3.600"/>
  <system-out/>
  <testcase classname="navbar_buttons.Electronics_moduletest" name="print_subtotal" time="1.064"/>
  <system-out/>
  <testcase classname="navbar_buttons.Electronics_moduletest" name="beauty_module" time="2.305"/>
  <system-out/>
  <testcase classname="navbar_buttons.Electronics_moduletest" name="gotocart1" time="2.717"/>
  <system-out/>
</testsuite> <!-- navbar_buttons.Electronics_moduletest -->
