<?xml version="1.0" encoding="UTF-8"?>
<!-- Generated by org.testng.reporters.JUnitReportReporter -->
<testsuite hostname="BINTERNS-QA23L" failures="0" tests="20" name="jmart_testpages.Jiomart_Homepagetest" time="41.630" errors="0" timestamp="2023-05-18T10:38:33 IST" skipped="3">
  <testcase classname="jmart_testpages.Jiomart_Homepagetest" name="verifyLogo" time="2.063"/>
  <system-out/>
  <testcase classname="jmart_testpages.Jiomart_Homepagetest" name="verifyTitle" time="0.010"/>
  <system-out/>
  <testcase classname="jmart_testpages.Jiomart_Homepagetest" name="checkHeadermenu" time="0.062"/>
  <system-out/>
  <testcase classname="jmart_testpages.Jiomart_Homepagetest" name="checkHeaderButton" time="0.056"/>
  <system-out/>
  <testcase classname="jmart_testpages.Jiomart_Homepagetest" name="groceryButton" time="4.543"/>
  <system-out/>
  <testcase classname="jmart_testpages.Jiomart_Homepagetest" name="fruitsButton" time="4.848"/>
  <system-out/>
  <testcase classname="jmart_testpages.Jiomart_Homepagetest" name="homeKitchenButton" time="4.294"/>
  <system-out/>
  <testcase classname="jmart_testpages.Jiomart_Homepagetest" name="fashionButton" time="6.303"/>
  <system-out/>
  <testcase classname="jmart_testpages.Jiomart_Homepagetest" name="electronicsButton" time="5.258"/>
  <system-out/>
  <testcase classname="jmart_testpages.Jiomart_Homepagetest" name="beautyButton" time="4.191"/>
  <system-out/>
  <testcase classname="jmart_testpages.Jiomart_Homepagetest" name="homeImproveButton" time="3.848"/>
  <system-out/>
  <testcase classname="jmart_testpages.Jiomart_Homepagetest" name="sportsToyButton" time="4.551"/>
  <system-out/>
  <testcase classname="jmart_testpages.Jiomart_Homepagetest" name="countFooterMenu1" time="0.123"/>
  <system-out/>
  <testcase classname="jmart_testpages.Jiomart_Homepagetest" name="countFooterMenu2" time="0.074"/>
  <system-out/>
  <testcase classname="jmart_testpages.Jiomart_Homepagetest" name="countFooterMenu3" time="0.060"/>
  <system-out/>
  <testcase classname="jmart_testpages.Jiomart_Homepagetest" name="countFooterMenu4" time="0.064"/>
  <system-out/>
  <testcase classname="jmart_testpages.Jiomart_Homepagetest" name="checkLink1" time="1.282"/>
  <system-out/>
  <testcase classname="jmart_testpages.Jiomart_Homepagetest" name="getTimer">
    <skipped/>
  </testcase> <!-- getTimer -->
  <system-out/>
  <testcase classname="jmart_testpages.Jiomart_Homepagetest" name="checkSlidebutton">
    <skipped/>
  </testcase> <!-- checkSlidebutton -->
  <system-out/>
  <testcase classname="jmart_testpages.Jiomart_Homepagetest" name="checkLink2">
    <skipped/>
  </testcase> <!-- checkLink2 -->
  <system-out/>
</testsuite> <!-- jmart_testpages.Jiomart_Homepagetest -->
